#
# There is insufficient memory for the Java Runtime Environment to continue.
# Native memory allocation (malloc) failed to allocate 32744 bytes for ChunkPool::allocate
# Possible reasons:
#   The system is out of physical RAM or swap space
#   The process is running with CompressedOops enabled, and the Java Heap may be blocking the growth of the native heap
# Possible solutions:
#   Reduce memory load on the system
#   Increase physical memory or swap space
#   Check if swap backing store is full
#   Decrease Java heap size (-Xmx/-Xms)
#   Decrease number of Java threads
#   Decrease Java thread stack sizes (-Xss)
#   Set larger code cache with -XX:ReservedCodeCacheSize=
#   JVM is running with Unscaled Compressed Oops mode in which the Java heap is
#     placed in the first 4GB address space. The Java Heap base address is the
#     maximum limit for the native heap growth. Please use -XX:HeapBaseMinAddress
#     to set the Java Heap base and to place the Java Heap above 4GB virtual address.
# This output file may be truncated or incomplete.
#
#  Out of Memory Error (arena.cpp:79), pid=12148, tid=7992
#
# JRE version: OpenJDK Runtime Environment JBR-17.0.9+7-1087.9-jcef (17.0.9+7) (build 17.0.9+7-b1087.9)
# Java VM: OpenJDK 64-Bit Server VM JBR-17.0.9+7-1087.9-jcef (17.0.9+7-b1087.9, mixed mode, tiered, compressed oops, compressed class ptrs, g1 gc, windows-amd64)
# No core dump will be written. Minidumps are not enabled by default on client versions of Windows
#

---------------  S U M M A R Y ------------

Command Line: git4idea.http.GitAskPassApp Username for 'https://github.com': 

Host: AMD Ryzen 3 3250U with Radeon Graphics         , 4 cores, 3G,  Windows 10 , 64 bit Build 19041 (10.0.19041.3636)
Time: Thu Jan 25 23:44:29 2024  Windows 10 , 64 bit Build 19041 (10.0.19041.3636) elapsed time: 1.309432 seconds (0d 0h 0m 1s)

---------------  T H R E A D  ---------------

Current thread (0x000001757ef68100):  JavaThread "C1 CompilerThread0" daemon [_thread_in_native, id=7992, stack(0x0000000b55c00000,0x0000000b55d00000)]


Current CompileTask:
C1:   1309  861       3       jdk.internal.org.objectweb.asm.MethodWriter::putMethodInfo (1274 bytes)

Stack: [0x0000000b55c00000,0x0000000b55d00000]
Native frames: (J=compiled Java code, j=interpreted, Vv=VM code, C=native code)
V  [jvm.dll+0x688349]
V  [jvm.dll+0x841bfa]
V  [jvm.dll+0x84383e]
V  [jvm.dll+0x843ea3]
V  [jvm.dll+0x24bdef]
V  [jvm.dll+0xac66c]
V  [jvm.dll+0xaca9c]
V  [jvm.dll+0x178883]
V  [jvm.dll+0x17894d]
V  [jvm.dll+0x17b131]
V  [jvm.dll+0x17cc51]
V  [jvm.dll+0x1371e3]
V  [jvm.dll+0x136aef]
V  [jvm.dll+0x136d26]
V  [jvm.dll+0x1361ba]
V  [jvm.dll+0x137e71]
V  [jvm.dll+0x22cd28]
V  [jvm.dll+0x22ae60]
V  [jvm.dll+0x7f6087]
V  [jvm.dll+0x7f043a]
V  [jvm.dll+0x6871c5]
C  [ucrtbase.dll+0x21bb2]
C  [KERNEL32.DLL+0x17344]
C  [ntdll.dll+0x526b1]


---------------  P R O C E S S  ---------------

Threads class SMR info:
_java_thread_list=0x000001757f2aa480, length=14, elements={
0x0000017576fae980, 0x000001757ecbc450, 0x000001757ecbd1e0, 0x000001757ece4bc0,
0x000001757ece6700, 0x000001757ef2a080, 0x000001757ef2a950, 0x000001757ef677f0,
0x000001757ef68100, 0x000001757ef691f0, 0x000001757f0cc990, 0x000001757f0ce7f0,
0x000001757f0cbf70, 0x000001757f0cd8c0
}

Java Threads: ( => current thread )
  0x0000017576fae980 JavaThread "main" [_thread_blocked, id=3596, stack(0x0000000b54e00000,0x0000000b54f00000)]
  0x000001757ecbc450 JavaThread "Reference Handler" daemon [_thread_blocked, id=9224, stack(0x0000000b55500000,0x0000000b55600000)]
  0x000001757ecbd1e0 JavaThread "Finalizer" daemon [_thread_blocked, id=6544, stack(0x0000000b55600000,0x0000000b55700000)]
  0x000001757ece4bc0 JavaThread "Signal Dispatcher" daemon [_thread_blocked, id=6256, stack(0x0000000b55700000,0x0000000b55800000)]
  0x000001757ece6700 JavaThread "Attach Listener" daemon [_thread_blocked, id=6680, stack(0x0000000b55800000,0x0000000b55900000)]
  0x000001757ef2a080 JavaThread "Service Thread" daemon [_thread_blocked, id=11600, stack(0x0000000b55900000,0x0000000b55a00000)]
  0x000001757ef2a950 JavaThread "Monitor Deflation Thread" daemon [_thread_blocked, id=7928, stack(0x0000000b55a00000,0x0000000b55b00000)]
  0x000001757ef677f0 JavaThread "C2 CompilerThread0" daemon [_thread_in_native, id=7900, stack(0x0000000b55b00000,0x0000000b55c00000)]
=>0x000001757ef68100 JavaThread "C1 CompilerThread0" daemon [_thread_in_native, id=7992, stack(0x0000000b55c00000,0x0000000b55d00000)]
  0x000001757ef691f0 JavaThread "Sweeper thread" daemon [_thread_blocked, id=11756, stack(0x0000000b55d00000,0x0000000b55e00000)]
  0x000001757f0cc990 JavaThread "Notification Thread" daemon [_thread_blocked, id=11620, stack(0x0000000b55e00000,0x0000000b55f00000)]
  0x000001757f0ce7f0 JavaThread "Common-Cleaner" daemon [_thread_blocked, id=4536, stack(0x0000000b56000000,0x0000000b56100000)]
  0x000001757f0cbf70 JavaThread "HttpClient-1-SelectorManager" daemon [_thread_in_native, id=6556, stack(0x0000000b56100000,0x0000000b56200000)]
  0x000001757f0cd8c0 JavaThread "HttpClient-1-Worker-0" daemon [_thread_in_vm, id=10604, stack(0x0000000b56300000,0x0000000b56400000)]

Other Threads:
  0x000001757ecb6070 VMThread "VM Thread" [stack: 0x0000000b55400000,0x0000000b55500000] [id=2296]
  0x000001757f0d4250 WatcherThread [stack: 0x0000000b55f00000,0x0000000b56000000] [id=6492]
  0x00000175770496e0 GCTaskThread "GC Thread#0" [stack: 0x0000000b54f00000,0x0000000b55000000] [id=12700]
  0x0000017577051380 ConcurrentGCThread "G1 Main Marker" [stack: 0x0000000b55000000,0x0000000b55100000] [id=3496]
  0x0000017577052cc0 ConcurrentGCThread "G1 Conc#0" [stack: 0x0000000b55100000,0x0000000b55200000] [id=13116]
  0x000001757eb15970 ConcurrentGCThread "G1 Refine#0" [stack: 0x0000000b55200000,0x0000000b55300000] [id=5356]
  0x000001757eb161b0 ConcurrentGCThread "G1 Service" [stack: 0x0000000b55300000,0x0000000b55400000] [id=10928]

Threads with active compile tasks:
C2 CompilerThread0     1390  851   !   4       java.util.concurrent.ConcurrentHashMap::putVal (432 bytes)
C1 CompilerThread0     1390  861       3       jdk.internal.org.objectweb.asm.MethodWriter::putMethodInfo (1274 bytes)

VM state: not at safepoint (normal execution)

VM Mutex/Monitor currently owned by a thread:  ([mutex/lock_event])
[0x000001757700d930] Metaspace_lock - owner thread: 0x000001757f0cd8c0

Heap address: 0x00000000c8e00000, size: 882 MB, Compressed Oops mode: 32-bit

CDS archive(s) not mapped
Compressed class space mapped at: 0x0000000100000000-0x0000000140000000, reserved size: 1073741824
Narrow klass base: 0x0000000000000000, Narrow klass shift: 3, Narrow klass range: 0x140000000

GC Precious Log:
 CPUs: 4 total, 4 available
 Memory: 3522M
 Large Page Support: Disabled
 NUMA Support: Disabled
 Compressed Oops: Enabled (32-bit)
 Heap Region Size: 1M
 Heap Min Capacity: 8M
 Heap Initial Capacity: 56M
 Heap Max Capacity: 882M
 Pre-touch: Disabled
 Parallel Workers: 4
 Concurrent Workers: 1
 Concurrent Refinement Workers: 4
 Periodic GC: Disabled

Heap:
 garbage-first heap   total 57344K, used 9216K [0x00000000c8e00000, 0x0000000100000000)
  region size 1024K, 11 young (11264K), 0 survivors (0K)
 Metaspace       used 14123K, committed 14208K, reserved 1114112K
  class space    used 1431K, committed 1472K, reserved 1048576K

Heap Regions: E=young(eden), S=young(survivor), O=old, HS=humongous(starts), HC=humongous(continues), CS=collection set, F=free, OA=open archive, CA=closed archive, TAMS=top-at-mark-start (previous, next)
|   0|0x00000000c8e00000, 0x00000000c8e00000, 0x00000000c8f00000|  0%| F|  |TAMS 0x00000000c8e00000, 0x00000000c8e00000| Untracked 
|   1|0x00000000c8f00000, 0x00000000c8f00000, 0x00000000c9000000|  0%| F|  |TAMS 0x00000000c8f00000, 0x00000000c8f00000| Untracked 
|   2|0x00000000c9000000, 0x00000000c9000000, 0x00000000c9100000|  0%| F|  |TAMS 0x00000000c9000000, 0x00000000c9000000| Untracked 
|   3|0x00000000c9100000, 0x00000000c9100000, 0x00000000c9200000|  0%| F|  |TAMS 0x00000000c9100000, 0x00000000c9100000| Untracked 
|   4|0x00000000c9200000, 0x00000000c9200000, 0x00000000c9300000|  0%| F|  |TAMS 0x00000000c9200000, 0x00000000c9200000| Untracked 
|   5|0x00000000c9300000, 0x00000000c9300000, 0x00000000c9400000|  0%| F|  |TAMS 0x00000000c9300000, 0x00000000c9300000| Untracked 
|   6|0x00000000c9400000, 0x00000000c9400000, 0x00000000c9500000|  0%| F|  |TAMS 0x00000000c9400000, 0x00000000c9400000| Untracked 
|   7|0x00000000c9500000, 0x00000000c9500000, 0x00000000c9600000|  0%| F|  |TAMS 0x00000000c9500000, 0x00000000c9500000| Untracked 
|   8|0x00000000c9600000, 0x00000000c9600000, 0x00000000c9700000|  0%| F|  |TAMS 0x00000000c9600000, 0x00000000c9600000| Untracked 
|   9|0x00000000c9700000, 0x00000000c9700000, 0x00000000c9800000|  0%| F|  |TAMS 0x00000000c9700000, 0x00000000c9700000| Untracked 
|  10|0x00000000c9800000, 0x00000000c9800000, 0x00000000c9900000|  0%| F|  |TAMS 0x00000000c9800000, 0x00000000c9800000| Untracked 
|  11|0x00000000c9900000, 0x00000000c9900000, 0x00000000c9a00000|  0%| F|  |TAMS 0x00000000c9900000, 0x00000000c9900000| Untracked 
|  12|0x00000000c9a00000, 0x00000000c9a00000, 0x00000000c9b00000|  0%| F|  |TAMS 0x00000000c9a00000, 0x00000000c9a00000| Untracked 
|  13|0x00000000c9b00000, 0x00000000c9b00000, 0x00000000c9c00000|  0%| F|  |TAMS 0x00000000c9b00000, 0x00000000c9b00000| Untracked 
|  14|0x00000000c9c00000, 0x00000000c9c00000, 0x00000000c9d00000|  0%| F|  |TAMS 0x00000000c9c00000, 0x00000000c9c00000| Untracked 
|  15|0x00000000c9d00000, 0x00000000c9d00000, 0x00000000c9e00000|  0%| F|  |TAMS 0x00000000c9d00000, 0x00000000c9d00000| Untracked 
|  16|0x00000000c9e00000, 0x00000000c9e00000, 0x00000000c9f00000|  0%| F|  |TAMS 0x00000000c9e00000, 0x00000000c9e00000| Untracked 
|  17|0x00000000c9f00000, 0x00000000c9f00000, 0x00000000ca000000|  0%| F|  |TAMS 0x00000000c9f00000, 0x00000000c9f00000| Untracked 
|  18|0x00000000ca000000, 0x00000000ca000000, 0x00000000ca100000|  0%| F|  |TAMS 0x00000000ca000000, 0x00000000ca000000| Untracked 
|  19|0x00000000ca100000, 0x00000000ca100000, 0x00000000ca200000|  0%| F|  |TAMS 0x00000000ca100000, 0x00000000ca100000| Untracked 
|  20|0x00000000ca200000, 0x00000000ca200000, 0x00000000ca300000|  0%| F|  |TAMS 0x00000000ca200000, 0x00000000ca200000| Untracked 
|  21|0x00000000ca300000, 0x00000000ca300000, 0x00000000ca400000|  0%| F|  |TAMS 0x00000000ca300000, 0x00000000ca300000| Untracked 
|  22|0x00000000ca400000, 0x00000000ca400000, 0x00000000ca500000|  0%| F|  |TAMS 0x00000000ca400000, 0x00000000ca400000| Untracked 
|  23|0x00000000ca500000, 0x00000000ca500000, 0x00000000ca600000|  0%| F|  |TAMS 0x00000000ca500000, 0x00000000ca500000| Untracked 
|  24|0x00000000ca600000, 0x00000000ca600000, 0x00000000ca700000|  0%| F|  |TAMS 0x00000000ca600000, 0x00000000ca600000| Untracked 
|  25|0x00000000ca700000, 0x00000000ca700000, 0x00000000ca800000|  0%| F|  |TAMS 0x00000000ca700000, 0x00000000ca700000| Untracked 
|  26|0x00000000ca800000, 0x00000000ca800000, 0x00000000ca900000|  0%| F|  |TAMS 0x00000000ca800000, 0x00000000ca800000| Untracked 
|  27|0x00000000ca900000, 0x00000000ca900000, 0x00000000caa00000|  0%| F|  |TAMS 0x00000000ca900000, 0x00000000ca900000| Untracked 
|  28|0x00000000caa00000, 0x00000000caa00000, 0x00000000cab00000|  0%| F|  |TAMS 0x00000000caa00000, 0x00000000caa00000| Untracked 
|  29|0x00000000cab00000, 0x00000000cab00000, 0x00000000cac00000|  0%| F|  |TAMS 0x00000000cab00000, 0x00000000cab00000| Untracked 
|  30|0x00000000cac00000, 0x00000000cac00000, 0x00000000cad00000|  0%| F|  |TAMS 0x00000000cac00000, 0x00000000cac00000| Untracked 
|  31|0x00000000cad00000, 0x00000000cad00000, 0x00000000cae00000|  0%| F|  |TAMS 0x00000000cad00000, 0x00000000cad00000| Untracked 
|  32|0x00000000cae00000, 0x00000000cae00000, 0x00000000caf00000|  0%| F|  |TAMS 0x00000000cae00000, 0x00000000cae00000| Untracked 
|  33|0x00000000caf00000, 0x00000000caf00000, 0x00000000cb000000|  0%| F|  |TAMS 0x00000000caf00000, 0x00000000caf00000| Untracked 
|  34|0x00000000cb000000, 0x00000000cb000000, 0x00000000cb100000|  0%| F|  |TAMS 0x00000000cb000000, 0x00000000cb000000| Untracked 
|  35|0x00000000cb100000, 0x00000000cb100000, 0x00000000cb200000|  0%| F|  |TAMS 0x00000000cb100000, 0x00000000cb100000| Untracked 
|  36|0x00000000cb200000, 0x00000000cb200000, 0x00000000cb300000|  0%| F|  |TAMS 0x00000000cb200000, 0x00000000cb200000| Untracked 
|  37|0x00000000cb300000, 0x00000000cb300000, 0x00000000cb400000|  0%| F|  |TAMS 0x00000000cb300000, 0x00000000cb300000| Untracked 
|  38|0x00000000cb400000, 0x00000000cb400000, 0x00000000cb500000|  0%| F|  |TAMS 0x00000000cb400000, 0x00000000cb400000| Untracked 
|  39|0x00000000cb500000, 0x00000000cb500000, 0x00000000cb600000|  0%| F|  |TAMS 0x00000000cb500000, 0x00000000cb500000| Untracked 
|  40|0x00000000cb600000, 0x00000000cb600000, 0x00000000cb700000|  0%| F|  |TAMS 0x00000000cb600000, 0x00000000cb600000| Untracked 
|  41|0x00000000cb700000, 0x00000000cb700000, 0x00000000cb800000|  0%| F|  |TAMS 0x00000000cb700000, 0x00000000cb700000| Untracked 
|  42|0x00000000cb800000, 0x00000000cb800000, 0x00000000cb900000|  0%| F|  |TAMS 0x00000000cb800000, 0x00000000cb800000| Untracked 
|  43|0x00000000cb900000, 0x00000000cb900000, 0x00000000cba00000|  0%| F|  |TAMS 0x00000000cb900000, 0x00000000cb900000| Untracked 
|  44|0x00000000cba00000, 0x00000000cba00000, 0x00000000cbb00000|  0%| F|  |TAMS 0x00000000cba00000, 0x00000000cba00000| Untracked 
|  45|0x00000000cbb00000, 0x00000000cbbc9680, 0x00000000cbc00000| 78%| E|  |TAMS 0x00000000cbb00000, 0x00000000cbb00000| Complete 
|  46|0x00000000cbc00000, 0x00000000cbd00000, 0x00000000cbd00000|100%| E|CS|TAMS 0x00000000cbc00000, 0x00000000cbc00000| Complete 
|  47|0x00000000cbd00000, 0x00000000cbe00000, 0x00000000cbe00000|100%| E|CS|TAMS 0x00000000cbd00000, 0x00000000cbd00000| Complete 
|  48|0x00000000cbe00000, 0x00000000cbf00000, 0x00000000cbf00000|100%| E|  |TAMS 0x00000000cbe00000, 0x00000000cbe00000| Complete 
|  49|0x00000000cbf00000, 0x00000000cc000000, 0x00000000cc000000|100%| E|CS|TAMS 0x00000000cbf00000, 0x00000000cbf00000| Complete 
|  50|0x00000000cc000000, 0x00000000cc100000, 0x00000000cc100000|100%| E|CS|TAMS 0x00000000cc000000, 0x00000000cc000000| Complete 
|  51|0x00000000cc100000, 0x00000000cc200000, 0x00000000cc200000|100%| E|CS|TAMS 0x00000000cc100000, 0x00000000cc100000| Complete 
|  52|0x00000000cc200000, 0x00000000cc300000, 0x00000000cc300000|100%| E|CS|TAMS 0x00000000cc200000, 0x00000000cc200000| Complete 
|  53|0x00000000cc300000, 0x00000000cc400000, 0x00000000cc400000|100%| E|CS|TAMS 0x00000000cc300000, 0x00000000cc300000| Complete 
|  54|0x00000000cc400000, 0x00000000cc500000, 0x00000000cc500000|100%| E|CS|TAMS 0x00000000cc400000, 0x00000000cc400000| Complete 
|  55|0x00000000cc500000, 0x00000000cc600000, 0x00000000cc600000|100%| E|CS|TAMS 0x00000000cc500000, 0x00000000cc500000| Complete 

Card table byte_map: [0x000001757c790000,0x000001757c950000] _byte_map_base: 0x000001757c149000

Marking Bits (Prev, Next): (CMBitMap*) 0x0000017577049c10, (CMBitMap*) 0x0000017577049c50
 Prev Bits: [0x000001757cb10000, 0x000001757d8d8000)
 Next Bits: [0x000001757d8e0000, 0x000001757e6a8000)

Polling page: 0x0000017576e50000

Metaspace:

Usage:
  Non-class:     12.39 MB used.
      Class:      1.40 MB used.
       Both:     13.79 MB used.

Virtual space:
  Non-class space:       64.00 MB reserved,      12.44 MB ( 19%) committed,  1 nodes.
      Class space:        1.00 GB reserved,       1.44 MB ( <1%) committed,  1 nodes.
             Both:        1.06 GB reserved,      13.88 MB (  1%) committed. 

Chunk freelists:
   Non-Class:  3.55 MB
       Class:  14.57 MB
        Both:  18.11 MB

MaxMetaspaceSize: unlimited
CompressedClassSpaceSize: 1.00 GB
Initial GC threshold: 21.00 MB
Current GC threshold: 21.00 MB
CDS: off
MetaspaceReclaimPolicy: balanced
 - commit_granule_bytes: 65536.
 - commit_granule_words: 8192.
 - virtual_space_node_default_size: 8388608.
 - enlarge_chunks_in_place: 1.
 - new_chunks_are_fully_committed: 0.
 - uncommit_free_chunks: 1.
 - use_allocation_guard: 0.
 - handle_deallocations: 1.


Internal statistics:

num_allocs_failed_limit: 0.
num_arena_births: 120.
num_arena_deaths: 0.
num_vsnodes_births: 2.
num_vsnodes_deaths: 0.
num_space_committed: 222.
num_space_uncommitted: 0.
num_chunks_returned_to_freelist: 0.
num_chunks_taken_from_freelist: 237.
num_chunk_merges: 0.
num_chunk_splits: 141.
num_chunks_enlarged: 87.
num_inconsistent_stats: 0.

CodeHeap 'non-profiled nmethods': size=120000Kb used=258Kb max_used=258Kb free=119741Kb
 bounds [0x0000017507ad0000, 0x0000017507d40000, 0x000001750f000000]
CodeHeap 'profiled nmethods': size=120000Kb used=1278Kb max_used=1278Kb free=118721Kb
 bounds [0x0000017500000000, 0x0000017500270000, 0x0000017507530000]
CodeHeap 'non-nmethods': size=5760Kb used=1173Kb max_used=1187Kb free=4587Kb
 bounds [0x0000017507530000, 0x00000175077a0000, 0x0000017507ad0000]
 total_blobs=1325 nmethods=858 adapters=380
 compilation: enabled
              stopped_count=0, restarted_count=0
 full_count=0

Compilation events (20 events):
Event: 1.281 Thread 0x000001757ef68100  849       3       jdk.internal.org.objectweb.asm.ClassReader::<init> (371 bytes)
Event: 1.283 Thread 0x000001757ef677f0  851   !   4       java.util.concurrent.ConcurrentHashMap::putVal (432 bytes)
Event: 1.283 Thread 0x000001757ef68100 nmethod 849 0x0000017500139d90 code [0x000001750013a080, 0x000001750013b3f8]
Event: 1.283 Thread 0x000001757ef68100  850       1       jdk.internal.org.objectweb.asm.ClassReader::getMaxStringLength (5 bytes)
Event: 1.283 Thread 0x000001757ef68100 nmethod 850 0x0000017507b10590 code [0x0000017507b10720, 0x0000017507b107f8]
Event: 1.285 Thread 0x000001757ef68100  852       3       java.lang.StringConcatHelper::newString (67 bytes)
Event: 1.286 Thread 0x000001757ef68100 nmethod 852 0x000001750013b990 code [0x000001750013bc00, 0x000001750013c648]
Event: 1.286 Thread 0x000001757ef68100  854       3       java.lang.StringUTF16::compress (20 bytes)
Event: 1.286 Thread 0x000001757ef68100 nmethod 854 0x000001750013ca10 code [0x000001750013cbc0, 0x000001750013ce08]
Event: 1.293 Thread 0x000001757ef68100  855       3       java.lang.String::toLowerCase (8 bytes)
Event: 1.293 Thread 0x000001757ef68100 nmethod 855 0x000001750013cf10 code [0x000001750013d0e0, 0x000001750013d478]
Event: 1.296 Thread 0x000001757ef68100  857       3       jdk.internal.org.objectweb.asm.MethodWriter::visitMaxs (60 bytes)
Event: 1.297 Thread 0x000001757ef68100 nmethod 857 0x000001750013d590 code [0x000001750013d760, 0x000001750013da38]
Event: 1.297 Thread 0x000001757ef68100  858       3       jdk.internal.org.objectweb.asm.MethodWriter::visitEnd (1 bytes)
Event: 1.297 Thread 0x000001757ef68100 nmethod 858 0x000001750013db10 code [0x000001750013dca0, 0x000001750013ddb8]
Event: 1.297 Thread 0x000001757ef68100  859       3       jdk.internal.org.objectweb.asm.MethodWriter::computeMethodInfoSize (571 bytes)
Event: 1.299 Thread 0x000001757ef68100 nmethod 859 0x000001750013de90 code [0x000001750013e1c0, 0x000001750013f108]
Event: 1.299 Thread 0x000001757ef68100  860       3       jdk.internal.org.objectweb.asm.MethodWriter::hasFrames (13 bytes)
Event: 1.299 Thread 0x000001757ef68100 nmethod 860 0x000001750013f790 code [0x000001750013f920, 0x000001750013fa98]
Event: 1.300 Thread 0x000001757ef68100  861       3       jdk.internal.org.objectweb.asm.MethodWriter::putMethodInfo (1274 bytes)

GC Heap History (0 events):
No events

Dll operation events (1 events):
Event: 0.024 Loaded shared library C:\Program Files\JetBrains\PyCharm 2023.3.2\jbr\bin\java.dll

Deoptimization events (12 events):
Event: 0.946 Thread 0x0000017576fae980 Uncommon trap: trap_request=0xffffff45 fr.pc=0x0000017507ae9fb8 relative=0x00000000000001b8
Event: 0.946 Thread 0x0000017576fae980 Uncommon trap: reason=unstable_if action=reinterpret pc=0x0000017507ae9fb8 method=java.util.HashMap.putVal(ILjava/lang/Object;Ljava/lang/Object;ZZ)Ljava/lang/Object; @ 162 c2
Event: 0.946 Thread 0x0000017576fae980 DEOPT PACKING pc=0x0000017507ae9fb8 sp=0x0000000b54efb7e0
Event: 0.946 Thread 0x0000017576fae980 DEOPT UNPACKING pc=0x00000175075869a3 sp=0x0000000b54efb780 mode 2
Event: 0.998 Thread 0x0000017576fae980 DEOPT PACKING pc=0x0000017500016ee7 sp=0x0000000b54efdef0
Event: 0.998 Thread 0x0000017576fae980 DEOPT UNPACKING pc=0x0000017507587143 sp=0x0000000b54efd310 mode 0
Event: 1.027 Thread 0x0000017576fae980 Uncommon trap: trap_request=0xffffff45 fr.pc=0x0000017507ae7070 relative=0x00000000000003d0
Event: 1.027 Thread 0x0000017576fae980 Uncommon trap: reason=unstable_if action=reinterpret pc=0x0000017507ae7070 method=java.lang.StringLatin1.newString([BII)Ljava/lang/String; @ 1 c2
Event: 1.027 Thread 0x0000017576fae980 DEOPT PACKING pc=0x0000017507ae7070 sp=0x0000000b54efe4d0
Event: 1.027 Thread 0x0000017576fae980 DEOPT UNPACKING pc=0x00000175075869a3 sp=0x0000000b54efe498 mode 2
Event: 1.087 Thread 0x0000017576fae980 DEOPT PACKING pc=0x00000175000153d1 sp=0x0000000b54ef8750
Event: 1.087 Thread 0x0000017576fae980 DEOPT UNPACKING pc=0x0000017507587143 sp=0x0000000b54ef7bc8 mode 0

Classes unloaded (0 events):
No events

Classes redefined (0 events):
No events

Internal exceptions (20 events):
Event: 0.516 Thread 0x0000017576fae980 Exception <a 'java/lang/NoSuchMethodError'{0x00000000cc3cc4b8}: 'void java.lang.invoke.DirectMethodHandle$Holder.invokeStaticInit(java.lang.Object, java.lang.Object)'> (0x00000000cc3cc4b8) 
thrown [s\src\hotspot\share\interpreter\linkResolver.cpp, line 771]
Event: 0.519 Thread 0x0000017576fae980 Exception <a 'java/lang/NoSuchMethodError'{0x00000000cc3d2d30}: 'int java.lang.invoke.DirectMethodHandle$Holder.invokeStaticInit(java.lang.Object, java.lang.Object)'> (0x00000000cc3d2d30) 
thrown [s\src\hotspot\share\interpreter\linkResolver.cpp, line 771]
Event: 0.612 Thread 0x0000017576fae980 Exception <a 'java/lang/NoSuchMethodError'{0x00000000cc2bab40}: 'java.lang.Object java.lang.invoke.DirectMethodHandle$Holder.invokeStaticInit(java.lang.Object, int, int, int, int)'> (0x00000000cc2bab40) 
thrown [s\src\hotspot\share\interpreter\linkResolver.cpp, line 771]
Event: 0.785 Thread 0x0000017576fae980 Exception <a 'java/lang/NoSuchMethodError'{0x00000000cc2ead60}: 'java.lang.Object java.lang.invoke.DirectMethodHandle$Holder.invokeStaticInit(java.lang.Object, java.lang.Object, int, int, int, int)'> (0x00000000cc2ead60) 
thrown [s\src\hotspot\share\interpreter\linkResolver.cpp, line 771]
Event: 0.813 Thread 0x0000017576fae980 Exception <a 'java/lang/NoSuchMethodError'{0x00000000cc154f20}: 'java.lang.Object java.lang.invoke.DirectMethodHandle$Holder.invokeStatic(java.lang.Object, java.lang.Object, int)'> (0x00000000cc154f20) 
thrown [s\src\hotspot\share\interpreter\linkResolver.cpp, line 771]
Event: 0.814 Thread 0x0000017576fae980 Exception <a 'java/lang/NoSuchMethodError'{0x00000000cc158698}: 'java.lang.Object java.lang.invoke.DirectMethodHandle$Holder.invokeStaticInit(java.lang.Object, java.lang.Object, int)'> (0x00000000cc158698) 
thrown [s\src\hotspot\share\interpreter\linkResolver.cpp, line 771]
Event: 0.816 Thread 0x0000017576fae980 Exception <a 'java/lang/NoSuchMethodError'{0x00000000cc15ea48}: 'java.lang.Object java.lang.invoke.DirectMethodHandle$Holder.newInvokeSpecial(java.lang.Object, java.lang.Object, int)'> (0x00000000cc15ea48) 
thrown [s\src\hotspot\share\interpreter\linkResolver.cpp, line 771]
Event: 0.824 Thread 0x0000017576fae980 Exception <a 'java/lang/NoSuchMethodError'{0x00000000cc16e238}: 'int java.lang.invoke.DirectMethodHandle$Holder.invokeStaticInit(java.lang.Object, java.lang.Object, java.lang.Object)'> (0x00000000cc16e238) 
thrown [s\src\hotspot\share\interpreter\linkResolver.cpp, line 771]
Event: 0.828 Thread 0x0000017576fae980 Exception <a 'java/lang/NoSuchMethodError'{0x00000000cc17e418}: 'int java.lang.invoke.DirectMethodHandle$Holder.invokeSpecial(java.lang.Object, java.lang.Object, java.lang.Object)'> (0x00000000cc17e418) 
thrown [s\src\hotspot\share\interpreter\linkResolver.cpp, line 771]
Event: 0.830 Thread 0x0000017576fae980 Exception <a 'java/lang/NoSuchMethodError'{0x00000000cc1867f8}: 'int java.lang.invoke.DirectMethodHandle$Holder.invokeSpecialIFC(java.lang.Object, java.lang.Object, java.lang.Object)'> (0x00000000cc1867f8) 
thrown [s\src\hotspot\share\interpreter\linkResolver.cpp, line 771]
Event: 0.893 Thread 0x0000017576fae980 Exception <a 'java/lang/NoSuchMethodError'{0x00000000cc013a90}: 'java.lang.Object java.lang.invoke.DirectMethodHandle$Holder.invokeStaticInit(java.lang.Object)'> (0x00000000cc013a90) 
thrown [s\src\hotspot\share\interpreter\linkResolver.cpp, line 771]
Event: 1.049 Thread 0x0000017576fae980 Exception <a 'java/lang/NoSuchMethodError'{0x00000000cbe04480}: 'java.lang.Object java.lang.invoke.DirectMethodHandle$Holder.newInvokeSpecial(java.lang.Object, java.lang.Object, java.lang.Object, java.lang.Object, java.lang.Object)'> (0x00000000cbe04480) 
thrown [s\src\hotspot\share\interpreter\linkResolver.cpp, line 771]
Event: 1.113 Thread 0x0000017576fae980 Exception <a 'java/lang/NoSuchMethodError'{0x00000000cbd90558}: 'java.lang.Object java.lang.invoke.DirectMethodHandle$Holder.invokeSpecial(java.lang.Object, java.lang.Object, java.lang.Object, java.lang.Object, int)'> (0x00000000cbd90558) 
thrown [s\src\hotspot\share\interpreter\linkResolver.cpp, line 771]
Event: 1.114 Thread 0x0000017576fae980 Exception <a 'java/lang/NoSuchMethodError'{0x00000000cbd94120}: 'java.lang.Object java.lang.invoke.Invokers$Holder.linkToTargetMethod(java.lang.Object, java.lang.Object, int, java.lang.Object)'> (0x00000000cbd94120) 
thrown [s\src\hotspot\share\interpreter\linkResolver.cpp, line 771]
Event: 1.144 Thread 0x0000017576fae980 Exception <a 'java/lang/NoSuchMethodError'{0x00000000cbdf5308}: 'void java.lang.invoke.DirectMethodHandle$Holder.invokeSpecial(java.lang.Object, java.lang.Object, java.lang.Object)'> (0x00000000cbdf5308) 
thrown [s\src\hotspot\share\interpreter\linkResolver.cpp, line 771]
Event: 1.201 Thread 0x000001757f0cbf70 Exception <a 'java/lang/NoSuchMethodError'{0x00000000cbfac5b0}: 'void java.lang.invoke.DirectMethodHandle$Holder.invokeStatic(java.lang.Object, java.lang.Object, int)'> (0x00000000cbfac5b0) 
thrown [s\src\hotspot\share\interpreter\linkResolver.cpp, line 771]
Event: 1.227 Thread 0x0000017576fae980 Exception <a 'java/lang/NoSuchMethodError'{0x00000000cbc79eb8}: 'void java.lang.invoke.DirectMethodHandle$Holder.invokeSpecial(java.lang.Object, java.lang.Object, java.lang.Object, java.lang.Object, java.lang.Object)'> (0x00000000cbc79eb8) 
thrown [s\src\hotspot\share\interpreter\linkResolver.cpp, line 771]
Event: 1.260 Thread 0x000001757f0cd8c0 Exception <a 'java/lang/NoSuchMethodError'{0x00000000cbb24270}: 'void java.lang.invoke.DirectMethodHandle$Holder.invokeInterface(java.lang.Object, java.lang.Object, java.lang.Object)'> (0x00000000cbb24270) 
thrown [s\src\hotspot\share\interpreter\linkResolver.cpp, line 771]
Event: 1.267 Thread 0x000001757f0cd8c0 Exception <a 'java/lang/NoSuchMethodError'{0x00000000cbb3a758}: 'int java.lang.invoke.DirectMethodHandle$Holder.invokeStaticInit(java.lang.Object, int, int)'> (0x00000000cbb3a758) 
thrown [s\src\hotspot\share\interpreter\linkResolver.cpp, line 771]
Event: 1.285 Thread 0x000001757f0cd8c0 Exception <a 'java/lang/NoSuchMethodError'{0x00000000cbb7d2c0}: 'void java.lang.invoke.DirectMethodHandle$Holder.invokeVirtual(java.lang.Object, java.lang.Object)'> (0x00000000cbb7d2c0) 
thrown [s\src\hotspot\share\interpreter\linkResolver.cpp, line 771]

VM Operations (8 events):
Event: 0.256 Executing VM operation: HandshakeAllThreads
Event: 0.256 Executing VM operation: HandshakeAllThreads done
Event: 0.288 Executing VM operation: HandshakeAllThreads
Event: 0.288 Executing VM operation: HandshakeAllThreads done
Event: 0.642 Executing VM operation: HandshakeAllThreads
Event: 0.642 Executing VM operation: HandshakeAllThreads done
Event: 0.901 Executing VM operation: HandshakeAllThreads
Event: 0.901 Executing VM operation: HandshakeAllThreads done

Events (20 events):
Event: 1.237 loading class java/util/concurrent/ForkJoinWorkerThread done
Event: 1.266 loading class java/util/function/IntBinaryOperator
Event: 1.267 loading class java/util/function/IntBinaryOperator done
Event: 1.274 loading class java/util/concurrent/Flow$Processor
Event: 1.274 loading class java/util/concurrent/Flow$Processor done
Event: 1.276 loading class java/lang/invoke/MethodHandle$1
Event: 1.278 loading class java/lang/invoke/MethodHandle$1 done
Event: 1.286 loading class java/util/concurrent/atomic/AtomicBoolean
Event: 1.287 loading class java/util/concurrent/atomic/AtomicBoolean done
Event: 1.292 loading class java/util/Collections$SynchronizedList
Event: 1.292 loading class java/util/Collections$SynchronizedList done
Event: 1.294 loading class java/util/concurrent/CompletableFuture$UniExceptionally
Event: 1.294 loading class java/util/concurrent/CompletableFuture$UniExceptionally done
Event: 1.296 loading class java/util/concurrent/CompletableFuture$BiRelay
Event: 1.296 loading class java/util/concurrent/CompletableFuture$BiCompletion
Event: 1.296 loading class java/util/concurrent/CompletableFuture$BiCompletion done
Event: 1.296 loading class java/util/concurrent/CompletableFuture$BiRelay done
Event: 1.296 loading class java/util/concurrent/CompletableFuture$CoCompletion
Event: 1.296 loading class java/util/concurrent/CompletableFuture$CoCompletion done
Event: 1.305 loading class java/util/concurrent/CompletableFuture$UniRun


Dynamic libraries:
0x00007ff714210000 - 0x00007ff71421a000 	C:\Program Files\JetBrains\PyCharm 2023.3.2\jbr\bin\java.exe
0x00007ff967bd0000 - 0x00007ff967dc8000 	C:\WINDOWS\SYSTEM32\ntdll.dll
0x00007ff9668b0000 - 0x00007ff96696d000 	C:\WINDOWS\System32\KERNEL32.DLL
0x00007ff965520000 - 0x00007ff965816000 	C:\WINDOWS\System32\KERNELBASE.dll
0x00007ff965a80000 - 0x00007ff965b80000 	C:\WINDOWS\System32\ucrtbase.dll
0x00007ff953020000 - 0x00007ff953037000 	C:\Program Files\JetBrains\PyCharm 2023.3.2\jbr\bin\jli.dll
0x00007ff949ad0000 - 0x00007ff949aeb000 	C:\Program Files\JetBrains\PyCharm 2023.3.2\jbr\bin\VCRUNTIME140.dll
0x00007ff965da0000 - 0x00007ff965f3e000 	C:\WINDOWS\System32\USER32.dll
0x00007ff9659a0000 - 0x00007ff9659c2000 	C:\WINDOWS\System32\win32u.dll
0x00007ff967350000 - 0x00007ff96737c000 	C:\WINDOWS\System32\GDI32.dll
0x00007ff965400000 - 0x00007ff96551a000 	C:\WINDOWS\System32\gdi32full.dll
0x00007ff952080000 - 0x00007ff95231a000 	C:\WINDOWS\WinSxS\amd64_microsoft.windows.common-controls_6595b64144ccf1df_6.0.19041.3636_none_60b6a03d71f818d5\COMCTL32.dll
0x00007ff9658b0000 - 0x00007ff96594d000 	C:\WINDOWS\System32\msvcp_win.dll
0x00007ff966ec0000 - 0x00007ff966f5e000 	C:\WINDOWS\System32\msvcrt.dll
0x00007ff966130000 - 0x00007ff966160000 	C:\WINDOWS\System32\IMM32.DLL
0x000000005f8c0000 - 0x000000005f8cc000 	C:\Program Files (x86)\360\Total Security\safemon\SafeWrapper.dll
0x00007ff966290000 - 0x00007ff966343000 	C:\WINDOWS\System32\ADVAPI32.dll
0x00007ff967100000 - 0x00007ff96719f000 	C:\WINDOWS\System32\sechost.dll
0x00007ff966160000 - 0x00007ff966286000 	C:\WINDOWS\System32\RPCRT4.dll
0x00007ff965b80000 - 0x00007ff965ba7000 	C:\WINDOWS\System32\bcrypt.dll
0x00007ff938b60000 - 0x00007ff938bf2000 	C:\Program Files (x86)\360\Total Security\safemon\libzdtp64.dll
0x00007ff9673e0000 - 0x00007ff967b25000 	C:\WINDOWS\System32\SHELL32.dll
0x00007ff965d40000 - 0x00007ff965d95000 	C:\WINDOWS\System32\SHLWAPI.dll
0x00007ff964f00000 - 0x00007ff964f0a000 	C:\WINDOWS\SYSTEM32\VERSION.dll
0x00007ff960290000 - 0x00007ff96029c000 	C:\Program Files\JetBrains\PyCharm 2023.3.2\jbr\bin\vcruntime140_1.dll
0x00007ff938ad0000 - 0x00007ff938b5d000 	C:\Program Files\JetBrains\PyCharm 2023.3.2\jbr\bin\msvcp140.dll
0x00007ff937b30000 - 0x00007ff9387b2000 	C:\Program Files\JetBrains\PyCharm 2023.3.2\jbr\bin\server\jvm.dll
0x00007ff95d580000 - 0x00007ff95d589000 	C:\WINDOWS\SYSTEM32\WSOCK32.dll
0x00007ff965100000 - 0x00007ff96514b000 	C:\WINDOWS\SYSTEM32\POWRPROF.dll
0x00007ff966df0000 - 0x00007ff966e5b000 	C:\WINDOWS\System32\WS2_32.dll
0x00007ff959c60000 - 0x00007ff959c87000 	C:\WINDOWS\SYSTEM32\WINMM.dll
0x00007ff9650e0000 - 0x00007ff9650f2000 	C:\WINDOWS\SYSTEM32\UMPDC.dll
0x00007ff9630e0000 - 0x00007ff9630f2000 	C:\WINDOWS\SYSTEM32\kernel.appcore.dll
0x00007ff9602a0000 - 0x00007ff9602aa000 	C:\Program Files\JetBrains\PyCharm 2023.3.2\jbr\bin\jimage.dll
0x00007ff95c6c0000 - 0x00007ff95c8a4000 	C:\WINDOWS\SYSTEM32\DBGHELP.DLL
0x00007ff95c680000 - 0x00007ff95c6b4000 	C:\WINDOWS\SYSTEM32\dbgcore.DLL
0x00007ff965820000 - 0x00007ff9658a2000 	C:\WINDOWS\System32\bcryptPrimitives.dll
0x00007ff957a10000 - 0x00007ff957a35000 	C:\Program Files\JetBrains\PyCharm 2023.3.2\jbr\bin\java.dll
0x00007ff95e7c0000 - 0x00007ff95e7d8000 	C:\Program Files\JetBrains\PyCharm 2023.3.2\jbr\bin\zip.dll
0x00007ff9632e0000 - 0x00007ff963a7b000 	C:\WINDOWS\SYSTEM32\windows.storage.dll
0x00007ff966480000 - 0x00007ff9667d4000 	C:\WINDOWS\System32\combase.dll
0x00007ff964b90000 - 0x00007ff964bbd000 	C:\WINDOWS\SYSTEM32\Wldp.dll
0x00007ff966350000 - 0x00007ff9663fd000 	C:\WINDOWS\System32\SHCORE.dll
0x00007ff9651d0000 - 0x00007ff9651f5000 	C:\WINDOWS\SYSTEM32\profapi.dll
0x00007ff9579f0000 - 0x00007ff957a09000 	C:\Program Files\JetBrains\PyCharm 2023.3.2\jbr\bin\net.dll
0x00007ff95d7a0000 - 0x00007ff95d8aa000 	C:\WINDOWS\SYSTEM32\WINHTTP.dll
0x00007ff9648f0000 - 0x00007ff96495a000 	C:\WINDOWS\system32\mswsock.dll
0x00007ff9579d0000 - 0x00007ff9579e6000 	C:\Program Files\JetBrains\PyCharm 2023.3.2\jbr\bin\nio.dll
0x00007ff95e820000 - 0x00007ff95e82e000 	C:\Program Files\JetBrains\PyCharm 2023.3.2\jbr\bin\sunmscapi.dll
0x00007ff9652a0000 - 0x00007ff9653fd000 	C:\WINDOWS\System32\CRYPT32.dll
0x00007ff964c00000 - 0x00007ff964c28000 	C:\WINDOWS\SYSTEM32\ncrypt.dll
0x00007ff964bc0000 - 0x00007ff964bfb000 	C:\WINDOWS\SYSTEM32\NTASN1.dll
0x00007ff964ae0000 - 0x00007ff964af8000 	C:\WINDOWS\SYSTEM32\CRYPTSP.dll
0x00007ff964220000 - 0x00007ff964254000 	C:\WINDOWS\system32\rsaenh.dll
0x00007ff965190000 - 0x00007ff9651be000 	C:\WINDOWS\SYSTEM32\USERENV.dll
0x00007ff964b00000 - 0x00007ff964b0c000 	C:\WINDOWS\SYSTEM32\CRYPTBASE.dll
0x00007ff9645e0000 - 0x00007ff96461b000 	C:\WINDOWS\SYSTEM32\IPHLPAPI.DLL
0x00007ff9670f0000 - 0x00007ff9670f8000 	C:\WINDOWS\System32\NSI.dll
0x00007ff95dae0000 - 0x00007ff95daf7000 	C:\WINDOWS\SYSTEM32\dhcpcsvc6.DLL
0x00007ff95ee30000 - 0x00007ff95ee4d000 	C:\WINDOWS\SYSTEM32\dhcpcsvc.DLL
0x00007ff964620000 - 0x00007ff9646ea000 	C:\WINDOWS\SYSTEM32\DNSAPI.dll
0x00007ff95c140000 - 0x00007ff95c147000 	C:\WINDOWS\system32\wshunix.dll

dbghelp: loaded successfully - version: 4.0.5 - missing functions: none
symbol engine: initialized successfully - sym options: 0x614 - pdb path: .;C:\Program Files\JetBrains\PyCharm 2023.3.2\jbr\bin;C:\WINDOWS\SYSTEM32;C:\WINDOWS\WinSxS\amd64_microsoft.windows.common-controls_6595b64144ccf1df_6.0.19041.3636_none_60b6a03d71f818d5;C:\Program Files (x86)\360\Total Security\safemon;C:\Program Files\JetBrains\PyCharm 2023.3.2\jbr\bin\server

VM Arguments:
java_command: git4idea.http.GitAskPassApp Username for 'https://github.com': 
java_class_path (initial): C:/Program Files/JetBrains/PyCharm 2023.3.2/plugins/vcs-git/lib/git4idea-rt.jar;C:/Program Files/JetBrains/PyCharm 2023.3.2/lib/externalProcess-rt.jar
Launcher Type: SUN_STANDARD

[Global flags]
     intx CICompilerCount                          = 3                                         {product} {ergonomic}
     uint ConcGCThreads                            = 1                                         {product} {ergonomic}
     uint G1ConcRefinementThreads                  = 4                                         {product} {ergonomic}
   size_t G1HeapRegionSize                         = 1048576                                   {product} {ergonomic}
    uintx GCDrainStackTargetSize                   = 64                                        {product} {ergonomic}
   size_t InitialHeapSize                          = 58720256                                  {product} {ergonomic}
   size_t MarkStackSize                            = 4194304                                   {product} {ergonomic}
   size_t MaxHeapSize                              = 924844032                                 {product} {ergonomic}
   size_t MaxNewSize                               = 554696704                                 {product} {ergonomic}
   size_t MinHeapDeltaBytes                        = 1048576                                   {product} {ergonomic}
   size_t MinHeapSize                              = 8388608                                   {product} {ergonomic}
    uintx NonNMethodCodeHeapSize                   = 5832780                                {pd product} {ergonomic}
    uintx NonProfiledCodeHeapSize                  = 122912730                              {pd product} {ergonomic}
    uintx ProfiledCodeHeapSize                     = 122912730                              {pd product} {ergonomic}
    uintx ReservedCodeCacheSize                    = 251658240                              {pd product} {ergonomic}
     bool SegmentedCodeCache                       = true                                      {product} {ergonomic}
   size_t SoftMaxHeapSize                          = 924844032                              {manageable} {ergonomic}
     bool UseCompressedClassPointers               = true                           {product lp64_product} {ergonomic}
     bool UseCompressedOops                        = true                           {product lp64_product} {ergonomic}
     bool UseG1GC                                  = true                                      {product} {ergonomic}
     bool UseLargePagesIndividualAllocation        = false                                  {pd product} {ergonomic}

Logging:
Log output configuration:
 #0: stdout all=warning uptime,level,tags
 #1: stderr all=off uptime,level,tags

Environment Variables:
PATH=C:\Users\Samandar\PycharmProjects\Git\mingw64\libexec\git-core;C:\Users\Samandar\PycharmProjects\Git\mingw64\libexec\git-core;C:\Users\Samandar\PycharmProjects\Git\mingw64\bin;C:\Users\Samandar\PycharmProjects\Git\usr\bin;C:\Users\Samandar\bin;C:\Users\Samandar\PycharmProjects\month-6\.venv\Scripts;C:\WINDOWS\system32;C:\WINDOWS;C:\WINDOWS\System32\Wbem;C:\WINDOWS\System32\WindowsPowerShell\v1.0;C:\WINDOWS\System32\OpenSSH;C:\ProgramData\chocolatey\bin;C:\Users\Samandar\PycharmProjects\Git\cmd;C:\Users\Samandar\AppData\Local\Programs\Python\Python312\Scripts;C:\Users\Samandar\AppData\Local\Programs\Python\Python312;C:\Users\Samandar\AppData\Local\Microsoft\WindowsApps;C:\Users\Samandar\AppData\Local\Programs\Microsoft VS Code\bin;C:\Program Files\JetBrains\PyCharm 2023.3.2\bin
USERNAME=Samandar
DISPLAY=:0.0
LC_ALL=en_US.UTF-8
TERM=xterm-256color
TMPDIR=C:\Users\Samandar\AppData\Local\Temp
OS=Windows_NT
PROCESSOR_IDENTIFIER=AMD64 Family 23 Model 24 Stepping 1, AuthenticAMD
TMP=C:\Users\Samandar\AppData\Local\Temp
TEMP=C:\Users\Samandar\AppData\Local\Temp



Periodic native trim disabled

JNI global refs:
JNI global refs: 19, weak refs: 0

JNI global refs memory usage: 843, weak refs: 209

OOME stack traces (most recent first):
Classloader memory used:
